<?xml version="1.0" encoding="UTF-8"?>
<!-- Generated by org.testng.reporters.JUnitXMLReporter -->
<testsuite ignored="0" hostname="LAPTOP-KLNSKEJ5" failures="0" tests="3" name="API" time="6.113" errors="0" timestamp="2020-06-26T22:13:06 SAST">
  <testcase classname="apiTests.API_Test" name="listOfAllDogBreeds" time="4.843"/>
  <testcase classname="apiTests.API_Test" name="randomImage" time="0.59"/>
  <testcase classname="apiTests.API_Test" name="subBread" time="0.532"/>
</testsuite> <!-- API -->
