<?xml version="1.0" encoding="UTF-8"?>
<testng-results total="4" passed="4" failed="0" skipped="0">
  <reporter-output>
    <line>
      <![CDATA[Current Project Results Directory: C:\Users\ksant\OneDrive\Documents\GitHub\ABSA_Assessment/reports/06_26_2020/ABSA_Assessment_Execution_UI_23_01_47]]>
    </line>
  </reporter-output>
  <suite started-at="2020-06-26T21:01:47Z" name="Suite1" finished-at="2020-06-26T21:02:16Z" duration-ms="28148">
    <groups>
    </groups>
    <test started-at="2020-06-26T21:01:47Z" name="UI" finished-at="2020-06-26T21:02:10Z" duration-ms="22764">
      <class name="uiTests.Way2Automation">
        <test-method signature="way2AutomationTest()[pri:0, instance:uiTests.Way2Automation@50b5ac82]" started-at="2020-06-26T23:01:47Z" name="way2AutomationTest" finished-at="2020-06-26T23:02:10Z" duration-ms="22165" status="PASS">
          <reporter-output>
          </reporter-output>
        </test-method> <!-- way2AutomationTest -->
        <test-method is-config="true" signature="flush()[pri:0, instance:uiTests.Way2Automation@50b5ac82]" started-at="2020-06-26T23:02:10Z" name="flush" finished-at="2020-06-26T23:02:10Z" duration-ms="588" status="PASS">
          <reporter-output>
          </reporter-output>
        </test-method> <!-- flush -->
      </class> <!-- uiTests.Way2Automation -->
    </test> <!-- UI -->
    <test started-at="2020-06-26T21:02:10Z" name="API" finished-at="2020-06-26T21:02:16Z" duration-ms="5344">
      <class name="apiTests.API_Test">
        <test-method is-config="true" signature="beforeSuite()[pri:0, instance:apiTests.API_Test@fba92d3]" started-at="2020-06-26T23:01:47Z" name="beforeSuite" finished-at="2020-06-26T23:01:47Z" duration-ms="438" status="PASS">
          <reporter-output>
            <line>
              <![CDATA[Current Project Results Directory: C:\Users\ksant\OneDrive\Documents\GitHub\ABSA_Assessment/reports/06_26_2020/ABSA_Assessment_Execution_UI_23_01_47]]>
            </line>
          </reporter-output>
        </test-method> <!-- beforeSuite -->
        <test-method signature="listOfAllDogBreeds()[pri:0, instance:apiTests.API_Test@fba92d3]" started-at="2020-06-26T23:02:10Z" name="listOfAllDogBreeds" finished-at="2020-06-26T23:02:14Z" duration-ms="4021" status="PASS">
          <reporter-output>
          </reporter-output>
        </test-method> <!-- listOfAllDogBreeds -->
        <test-method signature="randomImage()[pri:0, instance:apiTests.API_Test@fba92d3]" started-at="2020-06-26T23:02:14Z" name="randomImage" finished-at="2020-06-26T23:02:15Z" duration-ms="644" status="PASS">
          <reporter-output>
          </reporter-output>
        </test-method> <!-- randomImage -->
        <test-method signature="subBread()[pri:0, instance:apiTests.API_Test@fba92d3]" started-at="2020-06-26T23:02:15Z" name="subBread" finished-at="2020-06-26T23:02:15Z" duration-ms="553" status="PASS">
          <reporter-output>
          </reporter-output>
        </test-method> <!-- subBread -->
        <test-method is-config="true" signature="flush()[pri:0, instance:apiTests.API_Test@fba92d3]" started-at="2020-06-26T23:02:15Z" name="flush" finished-at="2020-06-26T23:02:16Z" duration-ms="123" status="PASS">
          <reporter-output>
          </reporter-output>
        </test-method> <!-- flush -->
      </class> <!-- apiTests.API_Test -->
    </test> <!-- API -->
  </suite> <!-- Suite1 -->
</testng-results>
